<?xml version="1.0" encoding="UTF-8"?>
<!-- Generated by org.testng.reporters.JUnitReportReporter -->
<testsuite skipped="0" hostname="Sergeys-MacBook-Pro.local" name="testcases.AddCustomerTest" tests="4" failures="0" timestamp="06 Jun 2021 17:11:56 GMT" time="10.794" errors="0">
  <testcase name="addCustomerTest" time="2.457" classname="testcases.AddCustomerTest"/>
  <testcase name="addCustomerTest" time="2.510" classname="testcases.AddCustomerTest"/>
  <testcase name="addCustomerTest" time="3.351" classname="testcases.AddCustomerTest"/>
  <testcase name="addCustomerTest" time="2.476" classname="testcases.AddCustomerTest"/>
</testsuite> <!-- testcases.AddCustomerTest -->
