<?xml version="1.0" encoding="UTF-8"?>
<!-- Generated by org.testng.reporters.JUnitReportReporter -->
<testsuite skipped="0" hostname="Sergeys-MacBook-Pro.local" name="testcases.LoginBankManager" tests="1" failures="0" timestamp="06 Jun 2021 17:11:56 GMT" time="5.691" errors="0">
  <testcase name="loginBankManager" time="5.691" classname="testcases.LoginBankManager"/>
</testsuite> <!-- testcases.LoginBankManager -->
